<?xml version="1.0" encoding="UTF-8"?>
<!-- Generated by org.testng.reporters.JUnitXMLReporter -->
<testsuite hostname="DESKTOP-7QUSM76" name="Default test" tests="3" failures="0" timestamp="13 May 2020 16:14:47 GMT" time="98.504" errors="0">
  <testcase name="openLoginPage" time="19.137" classname="com.training.sanity.tests.RTTC_001_UserRegistrationTests"/>
  <testcase name="openRegistrationPage" time="8.346" classname="com.training.sanity.tests.RTTC_001_UserRegistrationTests"/>
  <testcase name="enterRegistrationDetails" time="22.299" classname="com.training.sanity.tests.RTTC_001_UserRegistrationTests"/>
</testsuite> <!-- Default test -->
